2024.03.16 18:25:51 INFO  Started: Metals version 1.2.2 in folders '/home/chaitanya/GIT/P-SPARK/scala/hello-world' for client Visual Studio Code 1.87.2.
18:25:53.715 [pool-1-thread-2] INFO org.flywaydb.core.internal.license.VersionPrinter -- Flyway Community Edition 9.22.3 by Redgate
18:25:53.720 [pool-1-thread-2] INFO org.flywaydb.core.internal.license.VersionPrinter -- See release notes here: https://rd.gt/416ObMi
18:25:53.720 [pool-1-thread-2] INFO org.flywaydb.core.internal.license.VersionPrinter -- 
18:25:53.724 [pool-1-thread-2] DEBUG org.flywaydb.core.internal.scanner.classpath.ClassPathScanner -- Scanning for classpath resources at 'classpath:db/callback' ...
18:25:53.725 [pool-1-thread-2] DEBUG org.flywaydb.core.internal.scanner.classpath.ClassPathScanner -- Determining location urls for classpath:db/callback using ClassLoader sun.misc.Launcher$AppClassLoader@7852e922 ...
18:25:53.725 [pool-1-thread-2] DEBUG org.flywaydb.core.internal.scanner.classpath.ClassPathScanner -- Unable to resolve location classpath:db/callback.
18:25:53.725 [pool-1-thread-2] DEBUG org.flywaydb.core.internal.scanner.classpath.ClassPathScanner -- Scanning for classpath resources at 'classpath:db/migration' ...
18:25:53.725 [pool-1-thread-2] DEBUG org.flywaydb.core.internal.scanner.classpath.ClassPathScanner -- Determining location urls for classpath:db/migration using ClassLoader sun.misc.Launcher$AppClassLoader@7852e922 ...
18:25:53.725 [pool-1-thread-2] DEBUG org.flywaydb.core.internal.scanner.classpath.ClassPathScanner -- Scanning URL: jar:file:/home/chaitanya/.cache/coursier/v1/https/repo1.maven.org/maven2/org/scalameta/metals_2.13/1.2.2/metals_2.13-1.2.2.jar!/db/migration
18:25:53.730 [pool-1-thread-2] DEBUG org.flywaydb.core.internal.scanner.classpath.ClassPathScanner -- Found resource: db/migration/
18:25:53.730 [pool-1-thread-2] DEBUG org.flywaydb.core.internal.scanner.classpath.ClassPathScanner -- Found resource: db/migration/V1__Create_tables.sql
18:25:53.730 [pool-1-thread-2] DEBUG org.flywaydb.core.internal.scanner.classpath.ClassPathScanner -- Found resource: db/migration/V2__Server_discovery.sql
18:25:53.730 [pool-1-thread-2] DEBUG org.flywaydb.core.internal.scanner.classpath.ClassPathScanner -- Found resource: db/migration/V3__Jar_symbols.sql
18:25:53.730 [pool-1-thread-2] DEBUG org.flywaydb.core.internal.scanner.classpath.ClassPathScanner -- Found resource: db/migration/V4__Fingerprints.sql
18:25:53.730 [pool-1-thread-2] DEBUG org.flywaydb.core.internal.scanner.classpath.ClassPathScanner -- Scanning for classes at classpath:db/migration
18:25:53.735 [pool-1-thread-2] DEBUG org.flywaydb.core.internal.scanner.Scanner -- Filtering out resource: db/migration/ (filename: )
18:25:53.735 [pool-1-thread-2] DEBUG org.flywaydb.core.internal.resource.ResourceNameValidator -- Validating V3__Jar_symbols.sql
18:25:53.736 [pool-1-thread-2] DEBUG org.flywaydb.core.internal.resource.ResourceNameValidator -- Validating V2__Server_discovery.sql
18:25:53.737 [pool-1-thread-2] DEBUG org.flywaydb.core.internal.resource.ResourceNameValidator -- Validating V1__Create_tables.sql
18:25:53.737 [pool-1-thread-2] DEBUG org.flywaydb.core.internal.resource.ResourceNameValidator -- Validating V4__Fingerprints.sql
18:25:53.826 [pool-1-thread-2] INFO org.flywaydb.core.FlywayExecutor -- Database: jdbc:h2:file:/home/chaitanya/GIT/P-SPARK/scala/hello-world/.metals/metals (H2 2.2)
18:25:53.826 [pool-1-thread-2] DEBUG org.flywaydb.core.FlywayExecutor -- Driver: H2 JDBC Driver 2.2.224 (2023-09-17)
18:25:53.826 [pool-1-thread-2] DEBUG org.flywaydb.core.FlywayExecutor -- DDL Transactions Supported: false
18:25:53.828 [pool-1-thread-2] DEBUG org.flywaydb.core.internal.schemahistory.SchemaHistoryFactory -- Schemas: 
18:25:53.828 [pool-1-thread-2] DEBUG org.flywaydb.core.internal.schemahistory.SchemaHistoryFactory -- Default schema: null
18:25:53.835 [pool-1-thread-2] WARN org.flywaydb.core.internal.database.base.Database -- Flyway upgrade recommended: H2 2.2.224 is newer than this version of Flyway and support has not been tested. The latest supported version of H2 is 2.2.220.
18:25:53.837 [pool-1-thread-2] DEBUG org.flywaydb.core.internal.callback.SqlScriptCallbackFactory -- Scanning for SQL callbacks ...
18:25:53.837 [pool-1-thread-2] DEBUG org.flywaydb.core.internal.scanner.Scanner -- Filtering out resource: db/migration/ (filename: )
18:25:53.850 [pool-1-thread-2] DEBUG org.flywaydb.core.internal.command.DbValidate -- Validating migrations ...
18:25:53.859 [pool-1-thread-2] DEBUG org.flywaydb.core.internal.scanner.Scanner -- Filtering out resource: db/migration/ (filename: )
18:25:53.874 [pool-1-thread-2] DEBUG org.flywaydb.core.internal.scanner.Scanner -- Filtering out resource: db/migration/V3__Jar_symbols.sql (filename: V3__Jar_symbols.sql)
18:25:53.874 [pool-1-thread-2] DEBUG org.flywaydb.core.internal.scanner.Scanner -- Filtering out resource: db/migration/ (filename: )
18:25:53.874 [pool-1-thread-2] DEBUG org.flywaydb.core.internal.scanner.Scanner -- Filtering out resource: db/migration/V2__Server_discovery.sql (filename: V2__Server_discovery.sql)
18:25:53.874 [pool-1-thread-2] DEBUG org.flywaydb.core.internal.scanner.Scanner -- Filtering out resource: db/migration/V1__Create_tables.sql (filename: V1__Create_tables.sql)
18:25:53.874 [pool-1-thread-2] DEBUG org.flywaydb.core.internal.scanner.Scanner -- Filtering out resource: db/migration/V4__Fingerprints.sql (filename: V4__Fingerprints.sql)
18:25:53.876 [pool-1-thread-2] DEBUG org.flywaydb.core.internal.scanner.Scanner -- Filtering out resource: db/migration/V3__Jar_symbols.sql (filename: V3__Jar_symbols.sql)
18:25:53.876 [pool-1-thread-2] DEBUG org.flywaydb.core.internal.scanner.Scanner -- Filtering out resource: db/migration/ (filename: )
18:25:53.876 [pool-1-thread-2] DEBUG org.flywaydb.core.internal.scanner.Scanner -- Filtering out resource: db/migration/V2__Server_discovery.sql (filename: V2__Server_discovery.sql)
18:25:53.876 [pool-1-thread-2] DEBUG org.flywaydb.core.internal.scanner.Scanner -- Filtering out resource: db/migration/V1__Create_tables.sql (filename: V1__Create_tables.sql)
18:25:53.877 [pool-1-thread-2] DEBUG org.flywaydb.core.internal.scanner.Scanner -- Filtering out resource: db/migration/V4__Fingerprints.sql (filename: V4__Fingerprints.sql)
18:25:53.881 [pool-1-thread-2] INFO org.flywaydb.core.internal.schemahistory.JdbcTableSchemaHistory -- Schema history table "PUBLIC"."flyway_schema_history" does not exist yet
18:25:53.887 [pool-1-thread-2] INFO org.flywaydb.core.internal.command.DbValidate -- Successfully validated 4 migrations (execution time 00:00.035s)
18:25:53.892 [pool-1-thread-2] DEBUG org.flywaydb.core.internal.command.DbSchemas -- Skipping creation of existing schema: "PUBLIC"
18:25:53.897 [pool-1-thread-2] INFO org.flywaydb.core.internal.schemahistory.JdbcTableSchemaHistory -- Creating Schema History table "PUBLIC"."flyway_schema_history" ...
18:25:53.902 [pool-1-thread-2] DEBUG org.flywaydb.core.internal.parser.Parser -- Parsing  ...
18:25:53.917 [pool-1-thread-2] DEBUG org.flywaydb.core.internal.sqlscript.ParserSqlScript -- Found statement at line 1: CREATE TABLE IF NOT EXISTS "PUBLIC"."flyway_schema_history" (
    "installed_rank" INT NOT NULL,
    "version" VARCHAR(50),
    "description" VARCHAR(200) NOT NULL,
    "type" VARCHAR(20) NOT NULL,
    "script" VARCHAR(1000) NOT NULL,
    "checksum" INT,
    "installed_by" VARCHAR(100) NOT NULL,
    "installed_on" TIMESTAMP NOT NULL DEFAULT CURRENT_TIMESTAMP,
    "execution_time" INT NOT NULL,
    "success" BOOLEAN NOT NULL,
    CONSTRAINT "flyway_schema_history_pk" PRIMARY KEY ("installed_rank")
) AS SELECT -1, NULL, '<< Flyway Schema History table created >>', 'TABLE', '', NULL, 'SA', CURRENT_TIMESTAMP, 0, TRUE
18:25:53.918 [pool-1-thread-2] DEBUG org.flywaydb.core.internal.sqlscript.ParserSqlScript -- Found statement at line 14: CREATE INDEX "PUBLIC"."flyway_schema_history_s_idx" ON "PUBLIC"."flyway_schema_history" ("success")
18:25:53.919 [pool-1-thread-2] DEBUG org.flywaydb.core.internal.sqlscript.DefaultSqlScriptExecutor -- Executing SQL: CREATE TABLE IF NOT EXISTS "PUBLIC"."flyway_schema_history" (
    "installed_rank" INT NOT NULL,
    "version" VARCHAR(50),
    "description" VARCHAR(200) NOT NULL,
    "type" VARCHAR(20) NOT NULL,
    "script" VARCHAR(1000) NOT NULL,
    "checksum" INT,
    "installed_by" VARCHAR(100) NOT NULL,
    "installed_on" TIMESTAMP NOT NULL DEFAULT CURRENT_TIMESTAMP,
    "execution_time" INT NOT NULL,
    "success" BOOLEAN NOT NULL,
    CONSTRAINT "flyway_schema_history_pk" PRIMARY KEY ("installed_rank")
) AS SELECT -1, NULL, '<< Flyway Schema History table created >>', 'TABLE', '', NULL, 'SA', CURRENT_TIMESTAMP, 0, TRUE
18:25:53.926 [pool-1-thread-2] DEBUG org.flywaydb.core.internal.sqlscript.DefaultSqlScriptExecutor -- 0 rows affected
18:25:53.926 [pool-1-thread-2] DEBUG org.flywaydb.core.internal.sqlscript.DefaultSqlScriptExecutor -- Executing SQL: CREATE INDEX "PUBLIC"."flyway_schema_history_s_idx" ON "PUBLIC"."flyway_schema_history" ("success")
18:25:53.931 [pool-1-thread-2] DEBUG org.flywaydb.core.internal.sqlscript.DefaultSqlScriptExecutor -- 0 rows affected
18:25:53.931 [pool-1-thread-2] DEBUG org.flywaydb.core.internal.schemahistory.JdbcTableSchemaHistory -- Created Schema History table "PUBLIC"."flyway_schema_history"
18:25:53.944 [pool-1-thread-2] INFO org.flywaydb.core.internal.command.DbMigrate -- Current version of schema "PUBLIC": << Empty Schema >>
18:25:53.944 [pool-1-thread-2] DEBUG org.flywaydb.core.internal.parser.Parser -- Parsing V1__Create_tables.sql ...
18:25:53.948 [pool-1-thread-2] DEBUG org.flywaydb.core.internal.sqlscript.ParserSqlScript -- Found statement at line 4: -- The relationship between library dependency sources under .metals/readonly/**
-- and build targets they belong to. Required to know what classpath to use
-- for compiling dependency sources.
create table dependency_source(
  text_document_uri varchar primary key,
  build_target_uri varchar not null
)
18:25:53.949 [pool-1-thread-2] DEBUG org.flywaydb.core.internal.sqlscript.ParserSqlScript -- Found statement at line 12: -- The relationship between library dependency sources under .metals/readonly/**
-- and worksheets they belong to. Required to know what classpath to use
-- for compiling dependency sources.
create table worksheet_dependency_source(
  text_document_uri varchar primary key,
  worksheet_uri varchar not null
)
18:25:53.950 [pool-1-thread-2] DEBUG org.flywaydb.core.internal.sqlscript.ParserSqlScript -- Found statement at line 19: -- The relationship between what library dependency sources under .metals/readonly/**
-- map to which build targets.
create table sbt_digest(
  md5 varchar,
  status tinyint not null,
  when_recorded timestamp
)
18:25:53.951 [pool-1-thread-2] DEBUG org.flywaydb.core.internal.sqlscript.ParserSqlScript -- Found statement at line 27: -- Which window/showMessage and window/showMessageRequest dialogues have been dismissed
-- by the user via "Don't show again" or closed by clicking on "x".
create table dismissed_notification(
  id int,
  when_dismissed timestamp,
  when_expires timestamp
)
18:25:53.952 [pool-1-thread-2] DEBUG org.flywaydb.core.internal.sqlscript.ParserSqlScript -- Found statement at line 34: -- The choice of build tool when multiple build tool files are found in a workspace
create table chosen_build_tool(
  build_tool varchar primary key
)
18:25:53.955 [pool-1-thread-2] DEBUG org.flywaydb.core.internal.command.DbMigrate -- Starting migration of schema "PUBLIC" to version "1 - Create tables" ...
18:25:53.956 [pool-1-thread-2] INFO org.flywaydb.core.internal.command.DbMigrate -- Migrating schema "PUBLIC" to version "1 - Create tables"
18:25:53.958 [pool-1-thread-2] DEBUG org.flywaydb.core.internal.sqlscript.DefaultSqlScriptExecutor -- Executing SQL: -- The relationship between library dependency sources under .metals/readonly/**
-- and build targets they belong to. Required to know what classpath to use
-- for compiling dependency sources.
create table dependency_source(
  text_document_uri varchar primary key,
  build_target_uri varchar not null
)
18:25:53.960 [pool-1-thread-2] DEBUG org.flywaydb.core.internal.sqlscript.DefaultSqlScriptExecutor -- 0 rows affected
18:25:53.960 [pool-1-thread-2] DEBUG org.flywaydb.core.internal.sqlscript.DefaultSqlScriptExecutor -- Executing SQL: -- The relationship between library dependency sources under .metals/readonly/**
-- and worksheets they belong to. Required to know what classpath to use
-- for compiling dependency sources.
create table worksheet_dependency_source(
  text_document_uri varchar primary key,
  worksheet_uri varchar not null
)
18:25:53.962 [pool-1-thread-2] DEBUG org.flywaydb.core.internal.sqlscript.DefaultSqlScriptExecutor -- 0 rows affected
18:25:53.963 [pool-1-thread-2] DEBUG org.flywaydb.core.internal.sqlscript.DefaultSqlScriptExecutor -- Executing SQL: -- The relationship between what library dependency sources under .metals/readonly/**
-- map to which build targets.
create table sbt_digest(
  md5 varchar,
  status tinyint not null,
  when_recorded timestamp
)
18:25:53.964 [pool-1-thread-2] DEBUG org.flywaydb.core.internal.sqlscript.DefaultSqlScriptExecutor -- 0 rows affected
18:25:53.964 [pool-1-thread-2] DEBUG org.flywaydb.core.internal.sqlscript.DefaultSqlScriptExecutor -- Executing SQL: -- Which window/showMessage and window/showMessageRequest dialogues have been dismissed
-- by the user via "Don't show again" or closed by clicking on "x".
create table dismissed_notification(
  id int,
  when_dismissed timestamp,
  when_expires timestamp
)
18:25:53.965 [pool-1-thread-2] DEBUG org.flywaydb.core.internal.sqlscript.DefaultSqlScriptExecutor -- 0 rows affected
18:25:53.965 [pool-1-thread-2] DEBUG org.flywaydb.core.internal.sqlscript.DefaultSqlScriptExecutor -- Executing SQL: -- The choice of build tool when multiple build tool files are found in a workspace
create table chosen_build_tool(
  build_tool varchar primary key
)
18:25:53.967 [pool-1-thread-2] DEBUG org.flywaydb.core.internal.sqlscript.DefaultSqlScriptExecutor -- 0 rows affected
18:25:53.967 [pool-1-thread-2] DEBUG org.flywaydb.core.internal.command.DbMigrate -- Successfully completed migration of schema "PUBLIC" to version "1 - Create tables"
18:25:53.971 [pool-1-thread-2] DEBUG org.flywaydb.core.internal.schemahistory.JdbcTableSchemaHistory -- Schema History table "PUBLIC"."flyway_schema_history" successfully updated to reflect changes
18:25:53.979 [pool-1-thread-2] DEBUG org.flywaydb.core.internal.parser.Parser -- Parsing V2__Server_discovery.sql ...
18:25:53.983 [pool-1-thread-2] DEBUG org.flywaydb.core.internal.sqlscript.ParserSqlScript -- Found statement at line 4: -- For each unique combination of installed build servers we select one server.
-- The md5 checksum is computed from the names of the installed build servers, and
-- the selected server is the server which the user chose for this workspace.
create table chosen_build_server(
  md5 varchar primary key,
  selected_server varchar,
  when_recorded timestamp
)
18:25:53.984 [pool-1-thread-2] DEBUG org.flywaydb.core.internal.command.DbMigrate -- Starting migration of schema "PUBLIC" to version "2 - Server discovery" ...
18:25:53.985 [pool-1-thread-2] INFO org.flywaydb.core.internal.command.DbMigrate -- Migrating schema "PUBLIC" to version "2 - Server discovery"
18:25:53.985 [pool-1-thread-2] DEBUG org.flywaydb.core.internal.sqlscript.DefaultSqlScriptExecutor -- Executing SQL: -- For each unique combination of installed build servers we select one server.
-- The md5 checksum is computed from the names of the installed build servers, and
-- the selected server is the server which the user chose for this workspace.
create table chosen_build_server(
  md5 varchar primary key,
  selected_server varchar,
  when_recorded timestamp
)
18:25:53.987 [pool-1-thread-2] DEBUG org.flywaydb.core.internal.sqlscript.DefaultSqlScriptExecutor -- 0 rows affected
18:25:53.988 [pool-1-thread-2] DEBUG org.flywaydb.core.internal.command.DbMigrate -- Successfully completed migration of schema "PUBLIC" to version "2 - Server discovery"
18:25:53.991 [pool-1-thread-2] DEBUG org.flywaydb.core.internal.schemahistory.JdbcTableSchemaHistory -- Schema History table "PUBLIC"."flyway_schema_history" successfully updated to reflect changes
18:25:53.994 [pool-1-thread-2] DEBUG org.flywaydb.core.internal.parser.Parser -- Parsing V3__Jar_symbols.sql ...
18:25:53.996 [pool-1-thread-2] DEBUG org.flywaydb.core.internal.sqlscript.ParserSqlScript -- Found statement at line 2: -- Indexed jars, the MD5 digest of path, modified time and size as key
create table indexed_jar(
  id int auto_increment unique,
  md5 varchar primary key
)
18:25:53.998 [pool-1-thread-2] DEBUG org.flywaydb.core.internal.sqlscript.ParserSqlScript -- Found statement at line 7: -- Top Level Symbols per jar, allow for multiple jars with same symbols and paths
create table toplevel_symbol(
  symbol varchar not null,
  path varchar not null,
  jar int,
  foreign key (jar) references indexed_jar (id) on delete cascade,
  primary key (jar, path, symbol)
)
18:25:54.000 [pool-1-thread-2] DEBUG org.flywaydb.core.internal.sqlscript.ParserSqlScript -- Found statement at line 15: -- Create index to speedup lookup of jar symbols
create index toplevel_symbol_jar on toplevel_symbol(jar)
18:25:54.001 [pool-1-thread-2] DEBUG org.flywaydb.core.internal.command.DbMigrate -- Starting migration of schema "PUBLIC" to version "3 - Jar symbols" ...
18:25:54.002 [pool-1-thread-2] INFO org.flywaydb.core.internal.command.DbMigrate -- Migrating schema "PUBLIC" to version "3 - Jar symbols"
18:25:54.002 [pool-1-thread-2] DEBUG org.flywaydb.core.internal.sqlscript.DefaultSqlScriptExecutor -- Executing SQL: -- Indexed jars, the MD5 digest of path, modified time and size as key
create table indexed_jar(
  id int auto_increment unique,
  md5 varchar primary key
)
18:25:54.011 [pool-1-thread-2] DEBUG org.flywaydb.core.internal.sqlscript.DefaultSqlScriptExecutor -- 0 rows affected
18:25:54.011 [pool-1-thread-2] DEBUG org.flywaydb.core.internal.sqlscript.DefaultSqlScriptExecutor -- Executing SQL: -- Top Level Symbols per jar, allow for multiple jars with same symbols and paths
create table toplevel_symbol(
  symbol varchar not null,
  path varchar not null,
  jar int,
  foreign key (jar) references indexed_jar (id) on delete cascade,
  primary key (jar, path, symbol)
)
18:25:54.020 [pool-1-thread-2] DEBUG org.flywaydb.core.internal.sqlscript.DefaultSqlScriptExecutor -- 0 rows affected
18:25:54.020 [pool-1-thread-2] DEBUG org.flywaydb.core.internal.sqlscript.DefaultSqlScriptExecutor -- Executing SQL: -- Create index to speedup lookup of jar symbols
create index toplevel_symbol_jar on toplevel_symbol(jar)
18:25:54.021 [pool-1-thread-2] DEBUG org.flywaydb.core.internal.sqlscript.DefaultSqlScriptExecutor -- 0 rows affected
18:25:54.022 [pool-1-thread-2] DEBUG org.flywaydb.core.internal.command.DbMigrate -- Successfully completed migration of schema "PUBLIC" to version "3 - Jar symbols"
18:25:54.025 [pool-1-thread-2] DEBUG org.flywaydb.core.internal.schemahistory.JdbcTableSchemaHistory -- Schema History table "PUBLIC"."flyway_schema_history" successfully updated to reflect changes
18:25:54.029 [pool-1-thread-2] DEBUG org.flywaydb.core.internal.parser.Parser -- Parsing V4__Fingerprints.sql ...
18:25:54.032 [pool-1-thread-2] DEBUG org.flywaydb.core.internal.sqlscript.ParserSqlScript -- Found statement at line 2: -- Fingerprints saved between invocations
create table fingerprints(
  path varchar not null,
  text varchar not null,
  md5 varchar not null,
  id int auto_increment unique
)
18:25:54.032 [pool-1-thread-2] DEBUG org.flywaydb.core.internal.command.DbMigrate -- Starting migration of schema "PUBLIC" to version "4 - Fingerprints" ...
18:25:54.033 [pool-1-thread-2] INFO org.flywaydb.core.internal.command.DbMigrate -- Migrating schema "PUBLIC" to version "4 - Fingerprints"
18:25:54.034 [pool-1-thread-2] DEBUG org.flywaydb.core.internal.sqlscript.DefaultSqlScriptExecutor -- Executing SQL: -- Fingerprints saved between invocations
create table fingerprints(
  path varchar not null,
  text varchar not null,
  md5 varchar not null,
  id int auto_increment unique
)
18:25:54.036 [pool-1-thread-2] DEBUG org.flywaydb.core.internal.sqlscript.DefaultSqlScriptExecutor -- 0 rows affected
18:25:54.037 [pool-1-thread-2] DEBUG org.flywaydb.core.internal.command.DbMigrate -- Successfully completed migration of schema "PUBLIC" to version "4 - Fingerprints"
18:25:54.040 [pool-1-thread-2] DEBUG org.flywaydb.core.internal.schemahistory.JdbcTableSchemaHistory -- Schema History table "PUBLIC"."flyway_schema_history" successfully updated to reflect changes
18:25:54.047 [pool-1-thread-2] INFO org.flywaydb.core.internal.command.DbMigrate -- Successfully applied 4 migrations to schema "PUBLIC", now at version v4 (execution time 00:00.041s)
18:25:54.061 [pool-1-thread-2] DEBUG org.flywaydb.core.FlywayExecutor -- Memory usage: 44 of 133M
2024.03.16 18:25:54 WARN  Build server is not auto-connectable.
2024.03.16 18:26:01 INFO  running '/home/chaitanya/jdk8/bin/java -Djline.terminal=jline.UnsupportedTerminal -Dsbt.log.noformat=true -Dfile.encoding=UTF-8 -jar /tmp/metals4996032051481312249/sbt-launch.jar -Dbloop.export-jar-classifiers=sources bloopInstall'
2024.03.16 18:26:01 WARN  no build target for: /home/chaitanya/GIT/P-SPARK/scala/hello-world/project/metals.sbt
2024.03.16 18:26:01 INFO  skipping build import with status 'Started'
2024.03.16 18:26:01 ERROR [info] [launcher] getting org.scala-sbt sbt 1.9.8  (this may take some time)...
2024.03.16 18:26:06 INFO  no build target found for /home/chaitanya/GIT/P-SPARK/scala/hello-world/project/metals.sbt. Using presentation compiler with project's scala-library version: 3.3.1
2024.03.16 18:26:34 ERROR [info] [launcher] getting Scala 2.12.18 (for sbt)...
2024.03.16 18:26:38 INFO  [info] welcome to sbt 1.9.8 (Oracle Corporation Java 1.8.0_391)
2024.03.16 18:26:42 INFO  [info] loading settings for project hello-world-build-build from metals.sbt ...
2024.03.16 18:26:43 INFO  [info] loading project definition from /home/chaitanya/GIT/P-SPARK/scala/hello-world/project/project
2024.03.16 18:26:51 INFO  [info] loading settings for project hello-world-build from metals.sbt ...
2024.03.16 18:26:51 INFO  [info] loading project definition from /home/chaitanya/GIT/P-SPARK/scala/hello-world/project
2024.03.16 18:27:00 INFO  [success] Generated .bloop/hello-world-build.json
2024.03.16 18:27:00 INFO  [success] Total time: 8 s, completed Mar 16, 2024 6:27:00 PM
2024.03.16 18:27:02 INFO  [info] loading settings for project hello-world from build.sbt ...
2024.03.16 18:27:02 INFO  [info] set current project to hello-world (in build file:/home/chaitanya/GIT/P-SPARK/scala/hello-world/)
2024.03.16 18:27:07 INFO  [success] Generated .bloop/hello-world-test.json
2024.03.16 18:27:07 INFO  [success] Generated .bloop/hello-world.json
2024.03.16 18:27:07 INFO  [success] Total time: 4 s, completed Mar 16, 2024 6:27:07 PM
2024.03.16 18:27:07 INFO  time: ran 'sbt bloopInstall' in 1m6s
2024.03.16 18:27:07 INFO  Attempting to connect to the build server...
2024.03.16 18:27:07 INFO  Setting up current java home /home/chaitanya/jdk8 in /home/chaitanya/.bloop/bloop.json
2024.03.16 18:27:33 INFO  tracing is disabled for protocol BSP, to enable tracing of incoming and outgoing JSON messages create an empty file at /home/chaitanya/GIT/P-SPARK/scala/hello-world/.metals/bsp.trace.json or /home/chaitanya/.cache/metals/bsp.trace.json
2024.03.16 18:27:43 INFO  Attempting to connect to the build server...
2024.03.16 18:27:43 INFO  Bloop uses /home/chaitanya/jdk8 defined at /home/chaitanya/.bloop/bloop.json
2024.03.16 18:27:43 INFO  tracing is disabled for protocol BSP, to enable tracing of incoming and outgoing JSON messages create an empty file at /home/chaitanya/GIT/P-SPARK/scala/hello-world/project/.metals/bsp.trace.json or /home/chaitanya/.cache/metals/bsp.trace.json
2024.03.16 18:27:52 INFO  time: Connected to build server in 45s
2024.03.16 18:27:52 INFO  Connected to Build server: Bloop v1.5.15
2024.03.16 18:27:52 INFO  time: Imported build in 0.23s
2024.03.16 18:28:11 INFO  time: indexed workspace in 18s
2024.03.16 18:31:27 WARN  Bloop is running with 1.8.0_391 but your code requires 1.8.0_391 to compile, this might cause some compilation issues when using JDK API unsupported by the Bloop's current JVM version
2024.03.16 18:31:27 INFO  compiling hello-world (1 scala source)
2024.03.16 18:31:34 INFO  time: compiled hello-world in 7.25s
2024.03.16 18:34:28 INFO  Shutting down server
2024.03.16 18:34:28 INFO  shutting down Metals
2024.03.16 18:34:28 INFO  Shut down connection with build server.
2024.03.16 18:34:28 INFO  Shut down connection with build server.
2024.03.16 18:34:28 INFO  Exiting server
